2017-04-19 01:53:52,786 [main] [org.springframework.beans.factory.support.DefaultListableBeanFactory]-[DEBUG] Returning cached instance of singleton bean 'org.springframework.aop.support.DefaultBeanFactoryPointcutAdvisor#0'
2017-04-19 01:53:52,801 [main] [org.springframework.transaction.interceptor.NameMatchTransactionAttributeSource]-[DEBUG] Adding transactional method [save*] with attribute [PROPAGATION_REQUIRED,ISOLATION_DEFAULT]
2017-04-19 01:53:52,801 [main] [org.springframework.transaction.interceptor.NameMatchTransactionAttributeSource]-[DEBUG] Adding transactional method [insert*] with attribute [PROPAGATION_REQUIRED,ISOLATION_DEFAULT]
2017-04-19 01:53:52,801 [main] [org.springframework.transaction.interceptor.NameMatchTransactionAttributeSource]-[DEBUG] Adding transactional method [add*] with attribute [PROPAGATION_REQUIRED,ISOLATION_DEFAULT]
2017-04-19 01:53:52,802 [main] [org.springframework.transaction.interceptor.NameMatchTransactionAttributeSource]-[DEBUG] Adding transactional method [create*] with attribute [PROPAGATION_REQUIRED,ISOLATION_DEFAULT]
2017-04-19 01:53:52,802 [main] [org.springframework.transaction.interceptor.NameMatchTransactionAttributeSource]-[DEBUG] Adding transactional method [delete*] with attribute [PROPAGATION_REQUIRED,ISOLATION_DEFAULT]
2017-04-19 01:53:52,802 [main] [org.springframework.transaction.interceptor.NameMatchTransactionAttributeSource]-[DEBUG] Adding transactional method [update*] with attribute [PROPAGATION_REQUIRED,ISOLATION_DEFAULT]
2017-04-19 01:53:52,802 [main] [org.springframework.transaction.interceptor.NameMatchTransactionAttributeSource]-[DEBUG] Adding transactional method [find*] with attribute [PROPAGATION_SUPPORTS,ISOLATION_DEFAULT,readOnly]
2017-04-19 01:53:52,802 [main] [org.springframework.transaction.interceptor.NameMatchTransactionAttributeSource]-[DEBUG] Adding transactional method [select*] with attribute [PROPAGATION_SUPPORTS,ISOLATION_DEFAULT,readOnly]
2017-04-19 01:53:52,802 [main] [org.springframework.transaction.interceptor.NameMatchTransactionAttributeSource]-[DEBUG] Adding transactional method [get*] with attribute [PROPAGATION_SUPPORTS,ISOLATION_DEFAULT,readOnly]
2017-04-19 01:53:52,803 [main] [org.springframework.beans.factory.support.DefaultListableBeanFactory]-[DEBUG] Returning cached instance of singleton bean 'org.springframework.aop.support.DefaultBeanFactoryPointcutAdvisor#0'
2017-04-19 01:53:52,805 [main] [org.springframework.beans.factory.support.DefaultListableBeanFactory]-[DEBUG] Returning cached instance of singleton bean 'org.springframework.aop.support.DefaultBeanFactoryPointcutAdvisor#0'
2017-04-19 01:53:52,810 [main] [org.springframework.beans.factory.support.DefaultListableBeanFactory]-[DEBUG] Finished creating instance of bean '(inner bean)#78dc4696'
2017-04-19 01:53:52,811 [main] [org.springframework.beans.factory.support.DefaultListableBeanFactory]-[DEBUG] Invoking afterPropertiesSet() on bean with name 'txAdvice'
2017-04-19 01:53:52,814 [main] [org.springframework.beans.factory.support.DefaultListableBeanFactory]-[DEBUG] Finished creating instance of bean 'txAdvice'
2017-04-19 01:53:52,832 [main] [org.springframework.aop.aspectj.autoproxy.AspectJAwareAdvisorAutoProxyCreator]-[DEBUG] Creating implicit proxy for bean 'contentServiceImpl' with 0 common interceptors and 2 specific interceptors
2017-04-19 01:53:52,835 [main] [org.springframework.aop.framework.JdkDynamicAopProxy]-[DEBUG] Creating JDK dynamic proxy: target source is SingletonTargetSource for target object [com.ifarm.rest.service.impl.ContentServiceImpl@a8a8b75]
2017-04-19 01:53:52,843 [main] [org.springframework.beans.factory.support.DefaultListableBeanFactory]-[DEBUG] Finished creating instance of bean 'contentServiceImpl'
2017-04-19 01:53:52,843 [main] [org.springframework.beans.factory.support.DefaultListableBeanFactory]-[DEBUG] Creating shared instance of singleton bean 'itemCatServiceImpl'
2017-04-19 01:53:52,843 [main] [org.springframework.beans.factory.support.DefaultListableBeanFactory]-[DEBUG] Creating instance of bean 'itemCatServiceImpl'
2017-04-19 01:53:52,851 [main] [org.springframework.beans.factory.support.DefaultListableBeanFactory]-[DEBUG] Returning cached instance of singleton bean 'org.springframework.aop.support.DefaultBeanFactoryPointcutAdvisor#0'
2017-04-19 01:53:52,854 [main] [org.springframework.beans.factory.annotation.InjectionMetadata]-[DEBUG] Registered injected element on class [com.ifarm.rest.service.impl.ItemCatServiceImpl]: AutowiredFieldElement for private com.ifarm.repository.TbItemCatMapper com.ifarm.rest.service.impl.ItemCatServiceImpl.itemCatMapper
2017-04-19 01:53:52,854 [main] [org.springframework.beans.factory.support.DefaultListableBeanFactory]-[DEBUG] Eagerly caching bean 'itemCatServiceImpl' to allow for resolving potential circular references
2017-04-19 01:53:52,859 [main] [org.springframework.beans.factory.annotation.InjectionMetadata]-[DEBUG] Processing injected element of bean 'itemCatServiceImpl': AutowiredFieldElement for private com.ifarm.repository.TbItemCatMapper com.ifarm.rest.service.impl.ItemCatServiceImpl.itemCatMapper
2017-04-19 01:53:52,861 [main] [org.springframework.beans.factory.support.DefaultListableBeanFactory]-[DEBUG] Returning cached instance of singleton bean 'tbItemCatMapper'
2017-04-19 01:53:52,873 [main] [org.springframework.beans.factory.support.DefaultListableBeanFactory]-[DEBUG] Returning cached instance of singleton bean 'org.springframework.aop.support.DefaultBeanFactoryPointcutAdvisor#0'
2017-04-19 01:53:52,873 [main] [org.springframework.beans.factory.support.DefaultListableBeanFactory]-[DEBUG] Returning cached instance of singleton bean 'org.springframework.aop.support.DefaultBeanFactoryPointcutAdvisor#0'
2017-04-19 01:53:52,877 [main] [org.springframework.beans.factory.annotation.AutowiredAnnotationBeanPostProcessor]-[DEBUG] Autowiring by type from bean name 'itemCatServiceImpl' to bean named 'tbItemCatMapper'
2017-04-19 01:53:52,878 [main] [org.springframework.beans.factory.support.DefaultListableBeanFactory]-[DEBUG] Returning cached instance of singleton bean 'org.springframework.aop.support.DefaultBeanFactoryPointcutAdvisor#0'
2017-04-19 01:53:52,878 [main] [org.springframework.beans.factory.support.DefaultListableBeanFactory]-[DEBUG] Returning cached instance of singleton bean 'org.springframework.aop.support.DefaultBeanFactoryPointcutAdvisor#0'
2017-04-19 01:53:52,879 [main] [org.springframework.aop.aspectj.autoproxy.AspectJAwareAdvisorAutoProxyCreator]-[DEBUG] Creating implicit proxy for bean 'itemCatServiceImpl' with 0 common interceptors and 2 specific interceptors
2017-04-19 01:53:52,879 [main] [org.springframework.aop.framework.JdkDynamicAopProxy]-[DEBUG] Creating JDK dynamic proxy: target source is SingletonTargetSource for target object [com.ifarm.rest.service.impl.ItemCatServiceImpl@27cbfddf]
2017-04-19 01:53:52,885 [main] [org.springframework.beans.factory.support.DefaultListableBeanFactory]-[DEBUG] Finished creating instance of bean 'itemCatServiceImpl'
2017-04-19 01:53:52,886 [main] [org.springframework.beans.factory.support.DefaultListableBeanFactory]-[DEBUG] Creating shared instance of singleton bean 'itemServiceImpl'
2017-04-19 01:53:52,886 [main] [org.springframework.beans.factory.support.DefaultListableBeanFactory]-[DEBUG] Creating instance of bean 'itemServiceImpl'
2017-04-19 01:53:52,886 [main] [org.springframework.beans.factory.support.DefaultListableBeanFactory]-[DEBUG] Returning cached instance of singleton bean 'org.springframework.aop.support.DefaultBeanFactoryPointcutAdvisor#0'
2017-04-19 01:53:52,895 [main] [org.springframework.beans.factory.annotation.InjectionMetadata]-[DEBUG] Registered injected element on class [com.ifarm.rest.service.impl.ItemServiceImpl]: AutowiredFieldElement for private com.ifarm.repository.TbItemMapper com.ifarm.rest.service.impl.ItemServiceImpl.itemMapper
2017-04-19 01:53:52,895 [main] [org.springframework.beans.factory.annotation.InjectionMetadata]-[DEBUG] Registered injected element on class [com.ifarm.rest.service.impl.ItemServiceImpl]: AutowiredFieldElement for private com.ifarm.repository.TbItemDescMapper com.ifarm.rest.service.impl.ItemServiceImpl.itemDescMapper
2017-04-19 01:53:52,896 [main] [org.springframework.beans.factory.annotation.InjectionMetadata]-[DEBUG] Registered injected element on class [com.ifarm.rest.service.impl.ItemServiceImpl]: AutowiredFieldElement for private com.ifarm.repository.TbItemParamItemMapper com.ifarm.rest.service.impl.ItemServiceImpl.itemParamItemMapper
2017-04-19 01:53:52,896 [main] [org.springframework.beans.factory.annotation.InjectionMetadata]-[DEBUG] Registered injected element on class [com.ifarm.rest.service.impl.ItemServiceImpl]: AutowiredFieldElement for private java.lang.String com.ifarm.rest.service.impl.ItemServiceImpl.REDIS_ITEM_KEY
2017-04-19 01:53:52,896 [main] [org.springframework.beans.factory.annotation.InjectionMetadata]-[DEBUG] Registered injected element on class [com.ifarm.rest.service.impl.ItemServiceImpl]: AutowiredFieldElement for private java.lang.Integer com.ifarm.rest.service.impl.ItemServiceImpl.REDIS_ITEM_EXPIRE
2017-04-19 01:53:52,896 [main] [org.springframework.beans.factory.annotation.InjectionMetadata]-[DEBUG] Registered injected element on class [com.ifarm.rest.service.impl.ItemServiceImpl]: AutowiredFieldElement for private com.ifarm.rest.dao.JedisClient com.ifarm.rest.service.impl.ItemServiceImpl.jedisClient
2017-04-19 01:53:52,896 [main] [org.springframework.beans.factory.support.DefaultListableBeanFactory]-[DEBUG] Eagerly caching bean 'itemServiceImpl' to allow for resolving potential circular references
2017-04-19 01:53:52,904 [main] [org.springframework.beans.factory.annotation.InjectionMetadata]-[DEBUG] Processing injected element of bean 'itemServiceImpl': AutowiredFieldElement for private com.ifarm.repository.TbItemMapper com.ifarm.rest.service.impl.ItemServiceImpl.itemMapper
2017-04-19 01:53:52,907 [main] [org.springframework.beans.factory.support.DefaultListableBeanFactory]-[DEBUG] Returning cached instance of singleton bean 'tbItemMapper'
2017-04-19 01:53:52,915 [main] [org.springframework.beans.factory.support.DefaultListableBeanFactory]-[DEBUG] Returning cached instance of singleton bean 'org.springframework.aop.support.DefaultBeanFactoryPointcutAdvisor#0'
2017-04-19 01:53:52,915 [main] [org.springframework.beans.factory.support.DefaultListableBeanFactory]-[DEBUG] Returning cached instance of singleton bean 'org.springframework.aop.support.DefaultBeanFactoryPointcutAdvisor#0'
2017-04-19 01:53:52,932 [main] [org.springframework.beans.factory.annotation.AutowiredAnnotationBeanPostProcessor]-[DEBUG] Autowiring by type from bean name 'itemServiceImpl' to bean named 'tbItemMapper'
2017-04-19 01:53:52,932 [main] [org.springframework.beans.factory.annotation.InjectionMetadata]-[DEBUG] Processing injected element of bean 'itemServiceImpl': AutowiredFieldElement for private com.ifarm.repository.TbItemDescMapper com.ifarm.rest.service.impl.ItemServiceImpl.itemDescMapper
2017-04-19 01:53:52,933 [main] [org.springframework.beans.factory.support.DefaultListableBeanFactory]-[DEBUG] Returning cached instance of singleton bean 'tbItemDescMapper'
2017-04-19 01:53:52,938 [main] [org.springframework.beans.factory.support.DefaultListableBeanFactory]-[DEBUG] Returning cached instance of singleton bean 'org.springframework.aop.support.DefaultBeanFactoryPointcutAdvisor#0'
2017-04-19 01:53:52,938 [main] [org.springframework.beans.factory.support.DefaultListableBeanFactory]-[DEBUG] Returning cached instance of singleton bean 'org.springframework.aop.support.DefaultBeanFactoryPointcutAdvisor#0'
2017-04-19 01:53:52,941 [main] [org.springframework.beans.factory.annotation.AutowiredAnnotationBeanPostProcessor]-[DEBUG] Autowiring by type from bean name 'itemServiceImpl' to bean named 'tbItemDescMapper'
2017-04-19 01:53:52,941 [main] [org.springframework.beans.factory.annotation.InjectionMetadata]-[DEBUG] Processing injected element of bean 'itemServiceImpl': AutowiredFieldElement for private com.ifarm.repository.TbItemParamItemMapper com.ifarm.rest.service.impl.ItemServiceImpl.itemParamItemMapper
2017-04-19 01:53:52,942 [main] [org.springframework.beans.factory.support.DefaultListableBeanFactory]-[DEBUG] Returning cached instance of singleton bean 'tbItemParamItemMapper'
2017-04-19 01:53:52,946 [main] [org.springframework.beans.factory.support.DefaultListableBeanFactory]-[DEBUG] Returning cached instance of singleton bean 'org.springframework.aop.support.DefaultBeanFactoryPointcutAdvisor#0'
2017-04-19 01:53:52,946 [main] [org.springframework.beans.factory.support.DefaultListableBeanFactory]-[DEBUG] Returning cached instance of singleton bean 'org.springframework.aop.support.DefaultBeanFactoryPointcutAdvisor#0'
2017-04-19 01:53:52,950 [main] [org.springframework.beans.factory.annotation.AutowiredAnnotationBeanPostProcessor]-[DEBUG] Autowiring by type from bean name 'itemServiceImpl' to bean named 'tbItemParamItemMapper'
2017-04-19 01:53:52,950 [main] [org.springframework.beans.factory.annotation.InjectionMetadata]-[DEBUG] Processing injected element of bean 'itemServiceImpl': AutowiredFieldElement for private java.lang.String com.ifarm.rest.service.impl.ItemServiceImpl.REDIS_ITEM_KEY
2017-04-19 01:53:52,951 [main] [org.springframework.core.env.PropertySourcesPropertyResolver]-[DEBUG] Could not find key 'REDIS_ITEM_KEY' in any property source
2017-04-19 01:53:52,951 [main] [org.springframework.core.env.PropertySourcesPropertyResolver]-[DEBUG] Found key 'REDIS_ITEM_KEY' in [localProperties] with type [String]
2017-04-19 01:53:52,951 [main] [org.springframework.beans.factory.annotation.InjectionMetadata]-[DEBUG] Processing injected element of bean 'itemServiceImpl': AutowiredFieldElement for private java.lang.Integer com.ifarm.rest.service.impl.ItemServiceImpl.REDIS_ITEM_EXPIRE
2017-04-19 01:53:52,952 [main] [org.springframework.core.env.PropertySourcesPropertyResolver]-[DEBUG] Could not find key 'REDIS_ITEM_EXPIRE' in any property source
2017-04-19 01:53:52,952 [main] [org.springframework.core.env.PropertySourcesPropertyResolver]-[DEBUG] Found key 'REDIS_ITEM_EXPIRE' in [localProperties] with type [String]
2017-04-19 01:53:52,952 [main] [org.springframework.beans.factory.annotation.InjectionMetadata]-[DEBUG] Processing injected element of bean 'itemServiceImpl': AutowiredFieldElement for private com.ifarm.rest.dao.JedisClient com.ifarm.rest.service.impl.ItemServiceImpl.jedisClient
2017-04-19 01:53:52,953 [main] [org.springframework.beans.factory.support.DefaultListableBeanFactory]-[DEBUG] Returning cached instance of singleton bean 'jedisClient'
2017-04-19 01:53:52,953 [main] [org.springframework.beans.factory.annotation.AutowiredAnnotationBeanPostProcessor]-[DEBUG] Autowiring by type from bean name 'itemServiceImpl' to bean named 'jedisClient'
2017-04-19 01:53:52,953 [main] [org.springframework.beans.factory.support.DefaultListableBeanFactory]-[DEBUG] Returning cached instance of singleton bean 'org.springframework.aop.support.DefaultBeanFactoryPointcutAdvisor#0'
2017-04-19 01:53:52,953 [main] [org.springframework.beans.factory.support.DefaultListableBeanFactory]-[DEBUG] Returning cached instance of singleton bean 'org.springframework.aop.support.DefaultBeanFactoryPointcutAdvisor#0'
2017-04-19 01:53:52,954 [main] [org.springframework.aop.aspectj.autoproxy.AspectJAwareAdvisorAutoProxyCreator]-[DEBUG] Creating implicit proxy for bean 'itemServiceImpl' with 0 common interceptors and 2 specific interceptors
2017-04-19 01:53:52,954 [main] [org.springframework.aop.framework.JdkDynamicAopProxy]-[DEBUG] Creating JDK dynamic proxy: target source is SingletonTargetSource for target object [com.ifarm.rest.service.impl.ItemServiceImpl@1f86099a]
2017-04-19 01:53:52,959 [main] [org.springframework.beans.factory.support.DefaultListableBeanFactory]-[DEBUG] Finished creating instance of bean 'itemServiceImpl'
2017-04-19 01:53:52,959 [main] [org.springframework.beans.factory.support.DefaultListableBeanFactory]-[DEBUG] Creating shared instance of singleton bean 'redisServiceImpl'
2017-04-19 01:53:52,959 [main] [org.springframework.beans.factory.support.DefaultListableBeanFactory]-[DEBUG] Creating instance of bean 'redisServiceImpl'
2017-04-19 01:53:52,959 [main] [org.springframework.beans.factory.support.DefaultListableBeanFactory]-[DEBUG] Returning cached instance of singleton bean 'org.springframework.aop.support.DefaultBeanFactoryPointcutAdvisor#0'
2017-04-19 01:53:52,961 [main] [org.springframework.beans.factory.annotation.InjectionMetadata]-[DEBUG] Registered injected element on class [com.ifarm.rest.service.impl.RedisServiceImpl]: AutowiredFieldElement for private com.ifarm.rest.dao.JedisClient com.ifarm.rest.service.impl.RedisServiceImpl.jedisClient
2017-04-19 01:53:52,961 [main] [org.springframework.beans.factory.annotation.InjectionMetadata]-[DEBUG] Registered injected element on class [com.ifarm.rest.service.impl.RedisServiceImpl]: AutowiredFieldElement for private java.lang.String com.ifarm.rest.service.impl.RedisServiceImpl.INDEX_CONTENT_REDIS_KEY
2017-04-19 01:53:52,961 [main] [org.springframework.beans.factory.support.DefaultListableBeanFactory]-[DEBUG] Eagerly caching bean 'redisServiceImpl' to allow for resolving potential circular references
2017-04-19 01:53:52,970 [main] [org.springframework.beans.factory.annotation.InjectionMetadata]-[DEBUG] Processing injected element of bean 'redisServiceImpl': AutowiredFieldElement for private com.ifarm.rest.dao.JedisClient com.ifarm.rest.service.impl.RedisServiceImpl.jedisClient
2017-04-19 01:53:52,973 [main] [org.springframework.beans.factory.support.DefaultListableBeanFactory]-[DEBUG] Returning cached instance of singleton bean 'jedisClient'
2017-04-19 01:53:52,974 [main] [org.springframework.beans.factory.annotation.AutowiredAnnotationBeanPostProcessor]-[DEBUG] Autowiring by type from bean name 'redisServiceImpl' to bean named 'jedisClient'
2017-04-19 01:53:52,974 [main] [org.springframework.beans.factory.annotation.InjectionMetadata]-[DEBUG] Processing injected element of bean 'redisServiceImpl': AutowiredFieldElement for private java.lang.String com.ifarm.rest.service.impl.RedisServiceImpl.INDEX_CONTENT_REDIS_KEY
2017-04-19 01:53:52,975 [main] [org.springframework.core.env.PropertySourcesPropertyResolver]-[DEBUG] Could not find key 'INDEX_CONTENT_REDIS_KEY' in any property source
2017-04-19 01:53:52,976 [main] [org.springframework.core.env.PropertySourcesPropertyResolver]-[DEBUG] Found key 'INDEX_CONTENT_REDIS_KEY' in [localProperties] with type [String]
2017-04-19 01:53:52,976 [main] [org.springframework.beans.factory.support.DefaultListableBeanFactory]-[DEBUG] Returning cached instance of singleton bean 'org.springframework.aop.support.DefaultBeanFactoryPointcutAdvisor#0'
2017-04-19 01:53:52,977 [main] [org.springframework.beans.factory.support.DefaultListableBeanFactory]-[DEBUG] Returning cached instance of singleton bean 'org.springframework.aop.support.DefaultBeanFactoryPointcutAdvisor#0'
2017-04-19 01:53:52,978 [main] [org.springframework.aop.aspectj.autoproxy.AspectJAwareAdvisorAutoProxyCreator]-[DEBUG] Creating implicit proxy for bean 'redisServiceImpl' with 0 common interceptors and 2 specific interceptors
2017-04-19 01:53:52,978 [main] [org.springframework.aop.framework.JdkDynamicAopProxy]-[DEBUG] Creating JDK dynamic proxy: target source is SingletonTargetSource for target object [com.ifarm.rest.service.impl.RedisServiceImpl@7bc9e6ab]
2017-04-19 01:53:52,990 [main] [org.springframework.beans.factory.support.DefaultListableBeanFactory]-[DEBUG] Finished creating instance of bean 'redisServiceImpl'
2017-04-19 01:53:52,990 [main] [org.springframework.beans.factory.support.DefaultListableBeanFactory]-[DEBUG] Returning cached instance of singleton bean 'transactionManager'
2017-04-19 01:53:52,990 [main] [org.springframework.beans.factory.support.DefaultListableBeanFactory]-[DEBUG] Returning cached instance of singleton bean 'txAdvice'
2017-04-19 01:53:52,990 [main] [org.springframework.beans.factory.support.DefaultListableBeanFactory]-[DEBUG] Returning cached instance of singleton bean 'org.springframework.aop.config.internalAutoProxyCreator'
2017-04-19 01:53:52,990 [main] [org.springframework.beans.factory.support.DefaultListableBeanFactory]-[DEBUG] Returning cached instance of singleton bean 'org.springframework.aop.support.DefaultBeanFactoryPointcutAdvisor#0'
2017-04-19 01:53:52,990 [main] [org.springframework.beans.factory.support.DefaultListableBeanFactory]-[DEBUG] Returning cached instance of singleton bean 'org.springframework.context.annotation.ConfigurationClassPostProcessor.importAwareProcessor'
2017-04-19 01:53:52,990 [main] [org.springframework.beans.factory.support.DefaultListableBeanFactory]-[DEBUG] Returning cached instance of singleton bean 'org.springframework.context.annotation.ConfigurationClassPostProcessor.enhancedConfigurationProcessor'
2017-04-19 01:53:52,990 [main] [org.springframework.beans.factory.support.DefaultListableBeanFactory]-[DEBUG] Returning cached instance of singleton bean 'tbContentCategoryMapper'
2017-04-19 01:53:52,990 [main] [org.springframework.beans.factory.support.DefaultListableBeanFactory]-[DEBUG] Returning cached instance of singleton bean 'tbContentMapper'
2017-04-19 01:53:52,990 [main] [org.springframework.beans.factory.support.DefaultListableBeanFactory]-[DEBUG] Returning cached instance of singleton bean 'tbItemCatMapper'
2017-04-19 01:53:52,990 [main] [org.springframework.beans.factory.support.DefaultListableBeanFactory]-[DEBUG] Returning cached instance of singleton bean 'tbItemDescMapper'
2017-04-19 01:53:52,990 [main] [org.springframework.beans.factory.support.DefaultListableBeanFactory]-[DEBUG] Returning cached instance of singleton bean 'tbItemMapper'
2017-04-19 01:53:52,990 [main] [org.springframework.beans.factory.support.DefaultListableBeanFactory]-[DEBUG] Returning cached instance of singleton bean 'tbItemParamItemMapper'
2017-04-19 01:53:52,991 [main] [org.springframework.beans.factory.support.DefaultListableBeanFactory]-[DEBUG] Returning cached instance of singleton bean 'tbItemParamMapper'
2017-04-19 01:53:52,991 [main] [org.springframework.beans.factory.support.DefaultListableBeanFactory]-[DEBUG] Returning cached instance of singleton bean 'tbOrderItemMapper'
2017-04-19 01:53:52,991 [main] [org.springframework.beans.factory.support.DefaultListableBeanFactory]-[DEBUG] Returning cached instance of singleton bean 'tbOrderMapper'
2017-04-19 01:53:52,991 [main] [org.springframework.beans.factory.support.DefaultListableBeanFactory]-[DEBUG] Returning cached instance of singleton bean 'tbOrderShippingMapper'
2017-04-19 01:53:52,991 [main] [org.springframework.beans.factory.support.DefaultListableBeanFactory]-[DEBUG] Returning cached instance of singleton bean 'tbUserMapper'
2017-04-19 01:53:52,992 [main] [org.springframework.beans.factory.support.DefaultListableBeanFactory]-[DEBUG] Returning cached instance of singleton bean 'org.springframework.context.event.internalEventListenerFactory'
2017-04-19 01:53:53,115 [main] [org.springframework.context.support.ClassPathXmlApplicationContext]-[DEBUG] Unable to locate LifecycleProcessor with name 'lifecycleProcessor': using default [org.springframework.context.support.DefaultLifecycleProcessor@291120f4]
2017-04-19 01:53:53,117 [main] [org.springframework.beans.factory.support.DefaultListableBeanFactory]-[DEBUG] Returning cached instance of singleton bean 'lifecycleProcessor'
2017-04-19 01:53:53,123 [main] [org.springframework.beans.factory.support.DefaultListableBeanFactory]-[DEBUG] Returning cached instance of singleton bean 'sqlSessionFactory'
2017-04-19 01:53:53,126 [main] [org.springframework.core.env.PropertySourcesPropertyResolver]-[DEBUG] Could not find key 'spring.liveBeansView.mbeanDomain' in any property source
2017-04-19 01:53:53,129 [main] [org.springframework.beans.factory.support.DefaultListableBeanFactory]-[DEBUG] Returning cached instance of singleton bean 'redisClient'
